-------------------------------------------------------------------------------
Test set: co.develhope.loginDemo.LoginDemoApplicationTests
-------------------------------------------------------------------------------
Tests run: 1, Failures: 0, Errors: 1, Skipped: 0, Time elapsed: 1.982 s <<< FAILURE! - in co.develhope.loginDemo.LoginDemoApplicationTests
co.develhope.loginDemo.LoginDemoApplicationTests  Time elapsed: 1.979 s  <<< ERROR!
java.lang.IllegalStateException: Unable to find a @SpringBootConfiguration, you need to use @ContextConfiguration or @SpringBootTest(classes=...) with your test

